2021-07-30 20:43:26 INFO  ApacheHttpClient.sendEvent(535) - responseCode = 200
2021-07-30 20:43:26 INFO  ApacheHttpClient.sendEvent(535) - responseCode = 200
2021-07-30 20:43:26 INFO  ApacheHttpClient.sendEvent(535) - responseCode = 200
2021-07-30 20:43:59 INFO  ApacheHttpClient.sendEvent(535) - responseCode = 200
2021-07-30 20:44:59 INFO  ApacheHttpClient.sendEvent(535) - responseCode = 200
2021-07-30 20:45:59 INFO  ApacheHttpClient.sendEvent(535) - responseCode = 200
2021-07-30 22:21:00 ERROR ApacheHttpClient.getServerAvailabilityStatus(568) - Error while checking server availability.
java.util.concurrent.ExecutionException: java.io.IOException: Удаленный хост принудительно разорвал существующее подключение
	at org.apache.http.concurrent.BasicFuture.getResult(BasicFuture.java:70)
	at org.apache.http.concurrent.BasicFuture.get(BasicFuture.java:80)
	at com.homework.plugin.client.ApacheHttpClient.getResponseCode(ApacheHttpClient.java:577)
	at com.homework.plugin.client.ApacheHttpClient.getServerAvailabilityStatus(ApacheHttpClient.java:546)
	at com.homework.plugin.button.AbstractButton.isServerAvailable(AbstractButton.java:71)
	at com.homework.plugin.button.SelectTaskButton.actionPerformed(SelectTaskButton.java:18)
	at com.intellij.openapi.actionSystem.ex.ActionUtil.performActionDumbAware(ActionUtil.java:280)
	at com.intellij.openapi.actionSystem.ex.ActionUtil.performActionDumbAwareWithCallbacks(ActionUtil.java:274)
	at com.intellij.openapi.actionSystem.impl.ActionButton.actionPerformed(ActionButton.java:182)
	at com.intellij.openapi.actionSystem.impl.ActionButton.performAction(ActionButton.java:155)
	at com.intellij.openapi.actionSystem.impl.ActionButton.processMouseEvent(ActionButton.java:438)
	at java.desktop/java.awt.Component.processEvent(Component.java:6416)
	at java.desktop/java.awt.Container.processEvent(Container.java:2263)
	at java.desktop/java.awt.Component.dispatchEventImpl(Component.java:5026)
	at java.desktop/java.awt.Container.dispatchEventImpl(Container.java:2321)
	at java.desktop/java.awt.Component.dispatchEvent(Component.java:4858)
	at java.desktop/java.awt.LightweightDispatcher.retargetMouseEvent(Container.java:4918)
	at java.desktop/java.awt.LightweightDispatcher.processMouseEvent(Container.java:4547)
	at java.desktop/java.awt.LightweightDispatcher.dispatchEvent(Container.java:4488)
	at java.desktop/java.awt.Container.dispatchEventImpl(Container.java:2307)
	at java.desktop/java.awt.Window.dispatchEventImpl(Window.java:2773)
	at java.desktop/java.awt.Component.dispatchEvent(Component.java:4858)
	at java.desktop/java.awt.EventQueue.dispatchEventImpl(EventQueue.java:778)
	at java.desktop/java.awt.EventQueue$4.run(EventQueue.java:727)
	at java.desktop/java.awt.EventQueue$4.run(EventQueue.java:721)
	at java.base/java.security.AccessController.doPrivileged(Native Method)
	at java.base/java.security.ProtectionDomain$JavaSecurityAccessImpl.doIntersectionPrivilege(ProtectionDomain.java:85)
	at java.base/java.security.ProtectionDomain$JavaSecurityAccessImpl.doIntersectionPrivilege(ProtectionDomain.java:95)
	at java.desktop/java.awt.EventQueue$5.run(EventQueue.java:751)
	at java.desktop/java.awt.EventQueue$5.run(EventQueue.java:749)
	at java.base/java.security.AccessController.doPrivileged(Native Method)
	at java.base/java.security.ProtectionDomain$JavaSecurityAccessImpl.doIntersectionPrivilege(ProtectionDomain.java:85)
	at java.desktop/java.awt.EventQueue.dispatchEvent(EventQueue.java:748)
	at com.intellij.ide.IdeEventQueue.defaultDispatchEvent(IdeEventQueue.java:974)
	at com.intellij.ide.IdeEventQueue.dispatchMouseEvent(IdeEventQueue.java:912)
	at com.intellij.ide.IdeEventQueue._dispatchEvent(IdeEventQueue.java:844)
	at com.intellij.ide.IdeEventQueue.lambda$null$8(IdeEventQueue.java:449)
	at com.intellij.openapi.progress.impl.CoreProgressManager.computePrioritized(CoreProgressManager.java:739)
	at com.intellij.ide.IdeEventQueue.lambda$dispatchEvent$9(IdeEventQueue.java:448)
	at com.intellij.openapi.application.impl.ApplicationImpl.runIntendedWriteActionOnCurrentThread(ApplicationImpl.java:831)
	at com.intellij.ide.IdeEventQueue.dispatchEvent(IdeEventQueue.java:502)
	at java.desktop/java.awt.EventDispatchThread.pumpOneEventForFilters(EventDispatchThread.java:203)
	at java.desktop/java.awt.EventDispatchThread.pumpEventsForFilter(EventDispatchThread.java:124)
	at java.desktop/java.awt.EventDispatchThread.pumpEventsForHierarchy(EventDispatchThread.java:113)
	at java.desktop/java.awt.EventDispatchThread.pumpEvents(EventDispatchThread.java:109)
	at java.desktop/java.awt.EventDispatchThread.pumpEvents(EventDispatchThread.java:101)
	at java.desktop/java.awt.EventDispatchThread.run(EventDispatchThread.java:90)
Caused by: java.io.IOException: Удаленный хост принудительно разорвал существующее подключение
	at java.base/sun.nio.ch.SocketDispatcher.read0(Native Method)
	at java.base/sun.nio.ch.SocketDispatcher.read(SocketDispatcher.java:43)
	at java.base/sun.nio.ch.IOUtil.readIntoNativeBuffer(IOUtil.java:276)
	at java.base/sun.nio.ch.IOUtil.read(IOUtil.java:245)
	at java.base/sun.nio.ch.IOUtil.read(IOUtil.java:223)
	at java.base/sun.nio.ch.SocketChannelImpl.read(SocketChannelImpl.java:358)
	at org.apache.http.nio.reactor.ssl.SSLIOSession.receiveEncryptedData(SSLIOSession.java:451)
	at org.apache.http.nio.reactor.ssl.SSLIOSession.isAppInputReady(SSLIOSession.java:505)
	at org.apache.http.impl.nio.reactor.AbstractIODispatch.inputReady(AbstractIODispatch.java:120)
	at org.apache.http.impl.nio.reactor.BaseIOReactor.readable(BaseIOReactor.java:162)
	at org.apache.http.impl.nio.reactor.AbstractIOReactor.processEvent(AbstractIOReactor.java:337)
	at org.apache.http.impl.nio.reactor.AbstractIOReactor.processEvents(AbstractIOReactor.java:315)
	at org.apache.http.impl.nio.reactor.AbstractIOReactor.execute(AbstractIOReactor.java:276)
	at org.apache.http.impl.nio.reactor.BaseIOReactor.execute(BaseIOReactor.java:104)
	at org.apache.http.impl.nio.reactor.AbstractMultiworkerIOReactor$Worker.run(AbstractMultiworkerIOReactor.java:588)
	at java.base/java.lang.Thread.run(Thread.java:834)
2021-07-30 22:21:00 WARN  SelectTaskButton.isServerAvailable(79) - The server is unavailable. Wait a little, restart IntelliJ IDEA and try again.
com.homework.plugin.analytics.PluginWarningException: warning
	at com.homework.plugin.button.AbstractButton.isServerAvailable(AbstractButton.java:79)
	at com.homework.plugin.button.SelectTaskButton.actionPerformed(SelectTaskButton.java:18)
	at com.intellij.openapi.actionSystem.ex.ActionUtil.performActionDumbAware(ActionUtil.java:280)
	at com.intellij.openapi.actionSystem.ex.ActionUtil.performActionDumbAwareWithCallbacks(ActionUtil.java:274)
	at com.intellij.openapi.actionSystem.impl.ActionButton.actionPerformed(ActionButton.java:182)
	at com.intellij.openapi.actionSystem.impl.ActionButton.performAction(ActionButton.java:155)
	at com.intellij.openapi.actionSystem.impl.ActionButton.processMouseEvent(ActionButton.java:438)
	at java.desktop/java.awt.Component.processEvent(Component.java:6416)
	at java.desktop/java.awt.Container.processEvent(Container.java:2263)
	at java.desktop/java.awt.Component.dispatchEventImpl(Component.java:5026)
	at java.desktop/java.awt.Container.dispatchEventImpl(Container.java:2321)
	at java.desktop/java.awt.Component.dispatchEvent(Component.java:4858)
	at java.desktop/java.awt.LightweightDispatcher.retargetMouseEvent(Container.java:4918)
	at java.desktop/java.awt.LightweightDispatcher.processMouseEvent(Container.java:4547)
	at java.desktop/java.awt.LightweightDispatcher.dispatchEvent(Container.java:4488)
	at java.desktop/java.awt.Container.dispatchEventImpl(Container.java:2307)
	at java.desktop/java.awt.Window.dispatchEventImpl(Window.java:2773)
	at java.desktop/java.awt.Component.dispatchEvent(Component.java:4858)
	at java.desktop/java.awt.EventQueue.dispatchEventImpl(EventQueue.java:778)
	at java.desktop/java.awt.EventQueue$4.run(EventQueue.java:727)
	at java.desktop/java.awt.EventQueue$4.run(EventQueue.java:721)
	at java.base/java.security.AccessController.doPrivileged(Native Method)
	at java.base/java.security.ProtectionDomain$JavaSecurityAccessImpl.doIntersectionPrivilege(ProtectionDomain.java:85)
	at java.base/java.security.ProtectionDomain$JavaSecurityAccessImpl.doIntersectionPrivilege(ProtectionDomain.java:95)
	at java.desktop/java.awt.EventQueue$5.run(EventQueue.java:751)
	at java.desktop/java.awt.EventQueue$5.run(EventQueue.java:749)
	at java.base/java.security.AccessController.doPrivileged(Native Method)
	at java.base/java.security.ProtectionDomain$JavaSecurityAccessImpl.doIntersectionPrivilege(ProtectionDomain.java:85)
	at java.desktop/java.awt.EventQueue.dispatchEvent(EventQueue.java:748)
	at com.intellij.ide.IdeEventQueue.defaultDispatchEvent(IdeEventQueue.java:974)
	at com.intellij.ide.IdeEventQueue.dispatchMouseEvent(IdeEventQueue.java:912)
	at com.intellij.ide.IdeEventQueue._dispatchEvent(IdeEventQueue.java:844)
	at com.intellij.ide.IdeEventQueue.lambda$null$8(IdeEventQueue.java:449)
	at com.intellij.openapi.progress.impl.CoreProgressManager.computePrioritized(CoreProgressManager.java:739)
	at com.intellij.ide.IdeEventQueue.lambda$dispatchEvent$9(IdeEventQueue.java:448)
	at com.intellij.openapi.application.impl.ApplicationImpl.runIntendedWriteActionOnCurrentThread(ApplicationImpl.java:831)
	at com.intellij.ide.IdeEventQueue.dispatchEvent(IdeEventQueue.java:502)
	at java.desktop/java.awt.EventDispatchThread.pumpOneEventForFilters(EventDispatchThread.java:203)
	at java.desktop/java.awt.EventDispatchThread.pumpEventsForFilter(EventDispatchThread.java:124)
	at java.desktop/java.awt.EventDispatchThread.pumpEventsForHierarchy(EventDispatchThread.java:113)
	at java.desktop/java.awt.EventDispatchThread.pumpEvents(EventDispatchThread.java:109)
	at java.desktop/java.awt.EventDispatchThread.pumpEvents(EventDispatchThread.java:101)
	at java.desktop/java.awt.EventDispatchThread.run(EventDispatchThread.java:90)
2021-07-30 22:21:05 INFO  ApacheHttpClient.getWebResourceAsStream(502) - responseCode = 200
2021-07-30 22:21:06 INFO  ApacheHttpClient.getFilteredTasks(336) - responseCode = 200
2021-07-30 22:21:16 INFO  ApacheHttpClient.getTaskTemplateInfo(353) - responseCode = 200
2021-07-30 22:21:17 INFO  ApacheHttpClient.getWebResourceAsStream(502) - responseCode = 200
2021-07-30 22:21:34 INFO  ApacheHttpClient.sendEvent(535) - responseCode = 200
2021-07-30 22:21:34 INFO  ApacheHttpClient.sendEvent(535) - responseCode = 200
2021-07-30 22:21:34 INFO  ApacheHttpClient.sendEvent(535) - responseCode = 200
2021-07-30 22:21:34 INFO  ApacheHttpClient.sendEvent(535) - responseCode = 200
2021-07-30 22:21:34 INFO  ApacheHttpClient.sendEvent(535) - responseCode = 200
2021-07-30 22:21:34 INFO  ApacheHttpClient.sendEvent(535) - responseCode = 200
2021-07-30 22:21:34 INFO  ApacheHttpClient.sendEvent(535) - responseCode = 200
2021-07-30 22:21:34 INFO  ApacheHttpClient.sendEvent(535) - responseCode = 200
2021-07-30 22:21:35 INFO  ApacheHttpClient.sendEvent(535) - responseCode = 200
2021-07-30 22:21:35 INFO  ApacheHttpClient.sendEvent(535) - responseCode = 200
2021-07-30 22:21:35 INFO  ApacheHttpClient.sendEvent(535) - responseCode = 200
2021-07-30 22:21:35 INFO  ApacheHttpClient.sendEvent(535) - responseCode = 200
2021-07-30 22:21:35 INFO  ApacheHttpClient.sendEvent(535) - responseCode = 200
2021-07-30 22:21:35 INFO  ApacheHttpClient.sendEvent(535) - responseCode = 200
2021-07-30 22:21:35 INFO  ApacheHttpClient.sendEvent(535) - responseCode = 200
2021-07-30 22:21:35 INFO  ApacheHttpClient.sendEvent(535) - responseCode = 200
2021-07-30 22:21:36 INFO  ApacheHttpClient.sendEvent(535) - responseCode = 200
2021-07-30 22:21:36 INFO  ApacheHttpClient.sendEvent(535) - responseCode = 200
2021-07-30 22:21:36 INFO  ApacheHttpClient.sendEvent(535) - responseCode = 200
2021-07-30 22:21:36 INFO  ApacheHttpClient.sendEvent(535) - responseCode = 200
2021-07-30 22:21:36 INFO  ApacheHttpClient.sendEvent(535) - responseCode = 200
2021-07-30 22:21:36 INFO  ApacheHttpClient.sendEvent(535) - responseCode = 200
2021-07-30 22:21:36 INFO  ApacheHttpClient.sendEvent(535) - responseCode = 200
2021-07-30 22:21:36 INFO  ApacheHttpClient.sendEvent(535) - responseCode = 200
2021-07-30 22:21:37 INFO  ApacheHttpClient.sendEvent(535) - responseCode = 200
2021-07-30 22:21:37 INFO  ApacheHttpClient.sendEvent(535) - responseCode = 200
2021-07-30 22:21:37 INFO  ApacheHttpClient.sendEvent(535) - responseCode = 200
2021-07-30 22:21:37 INFO  ApacheHttpClient.sendEvent(535) - responseCode = 200
2021-07-30 22:21:37 INFO  ApacheHttpClient.sendEvent(535) - responseCode = 200
2021-07-30 22:21:37 INFO  ApacheHttpClient.sendEvent(535) - responseCode = 200
2021-07-30 22:21:37 INFO  ApacheHttpClient.sendEvent(535) - responseCode = 200
2021-07-30 22:21:37 INFO  ApacheHttpClient.sendEvent(535) - responseCode = 200
2021-07-30 22:21:38 INFO  ApacheHttpClient.sendEvent(535) - responseCode = 200
2021-07-30 22:21:38 INFO  ApacheHttpClient.sendEvent(535) - responseCode = 200
2021-07-30 22:21:38 INFO  ApacheHttpClient.sendEvent(535) - responseCode = 200
2021-07-30 22:21:38 INFO  ApacheHttpClient.sendEvent(535) - responseCode = 200
2021-07-30 22:21:38 INFO  ApacheHttpClient.sendEvent(535) - responseCode = 200
2021-07-30 22:21:38 INFO  ApacheHttpClient.sendEvent(535) - responseCode = 200
2021-07-30 22:21:38 INFO  ApacheHttpClient.sendEvent(535) - responseCode = 200
2021-07-30 22:21:38 INFO  ApacheHttpClient.sendEvent(535) - responseCode = 200
2021-07-30 22:21:39 INFO  ApacheHttpClient.sendEvent(535) - responseCode = 200
2021-07-30 22:21:39 INFO  ApacheHttpClient.sendEvent(535) - responseCode = 200
2021-07-30 22:21:39 INFO  ApacheHttpClient.sendEvent(535) - responseCode = 200
2021-07-30 22:21:39 INFO  ApacheHttpClient.sendEvent(535) - responseCode = 200
2021-07-30 22:21:39 INFO  ApacheHttpClient.sendEvent(535) - responseCode = 200
2021-07-30 22:21:39 INFO  ApacheHttpClient.sendEvent(535) - responseCode = 200
2021-07-30 22:21:39 INFO  ApacheHttpClient.sendEvent(535) - responseCode = 200
2021-07-30 22:21:40 INFO  ApacheHttpClient.sendEvent(535) - responseCode = 200
2021-07-30 22:21:40 INFO  ApacheHttpClient.sendEvent(535) - responseCode = 200
2021-07-30 22:21:40 INFO  ApacheHttpClient.sendEvent(535) - responseCode = 200
2021-07-30 22:21:40 INFO  ApacheHttpClient.sendEvent(535) - responseCode = 200
2021-07-30 22:21:40 INFO  ApacheHttpClient.sendEvent(535) - responseCode = 200
2021-07-30 22:21:40 INFO  ApacheHttpClient.sendEvent(535) - responseCode = 200
2021-07-30 22:21:40 INFO  ApacheHttpClient.sendEvent(535) - responseCode = 200
2021-07-30 22:21:40 INFO  ApacheHttpClient.sendEvent(535) - responseCode = 200
2021-07-30 22:21:40 INFO  ApacheHttpClient.sendEvent(535) - responseCode = 200
2021-07-30 22:21:41 INFO  ApacheHttpClient.sendEvent(535) - responseCode = 200
2021-07-30 22:21:41 INFO  ApacheHttpClient.sendEvent(535) - responseCode = 200
2021-07-30 22:21:41 INFO  ApacheHttpClient.sendEvent(535) - responseCode = 200
2021-07-30 22:21:41 INFO  ApacheHttpClient.sendEvent(535) - responseCode = 200
2021-07-30 22:21:41 INFO  ApacheHttpClient.sendEvent(535) - responseCode = 200
2021-07-30 22:21:41 INFO  ApacheHttpClient.sendEvent(535) - responseCode = 200
2021-07-30 22:21:42 INFO  ApacheHttpClient.sendEvent(535) - responseCode = 200
2021-07-30 22:21:42 INFO  ApacheHttpClient.sendEvent(535) - responseCode = 200
2021-07-30 22:21:42 INFO  ApacheHttpClient.sendEvent(535) - responseCode = 200
2021-07-30 22:21:42 INFO  ApacheHttpClient.sendEvent(535) - responseCode = 200
2021-07-30 22:21:42 INFO  ApacheHttpClient.sendEvent(535) - responseCode = 200
2021-07-30 22:21:42 INFO  ApacheHttpClient.sendEvent(535) - responseCode = 200
2021-07-30 22:21:42 INFO  ApacheHttpClient.sendEvent(535) - responseCode = 200
2021-07-30 22:21:42 INFO  ApacheHttpClient.sendEvent(535) - responseCode = 200
2021-07-30 22:21:43 INFO  ApacheHttpClient.sendEvent(535) - responseCode = 200
2021-07-30 22:21:43 INFO  ApacheHttpClient.sendEvent(535) - responseCode = 200
2021-07-30 22:21:43 INFO  ApacheHttpClient.sendEvent(535) - responseCode = 200
2021-07-30 22:21:43 INFO  ApacheHttpClient.sendEvent(535) - responseCode = 200
2021-07-30 22:21:43 INFO  ApacheHttpClient.sendEvent(535) - responseCode = 200
2021-07-30 22:21:43 INFO  ApacheHttpClient.sendEvent(535) - responseCode = 200
2021-07-30 22:21:43 INFO  ApacheHttpClient.sendEvent(535) - responseCode = 200
2021-07-30 22:21:43 INFO  ApacheHttpClient.sendEvent(535) - responseCode = 200
2021-07-30 22:21:43 INFO  ApacheHttpClient.sendEvent(535) - responseCode = 200
2021-07-30 22:21:44 INFO  ApacheHttpClient.sendEvent(535) - responseCode = 200
2021-07-30 22:21:44 INFO  ApacheHttpClient.sendEvent(535) - responseCode = 200
2021-07-30 22:21:44 INFO  ApacheHttpClient.sendEvent(535) - responseCode = 200
2021-07-30 22:21:44 INFO  ApacheHttpClient.sendEvent(535) - responseCode = 200
2021-07-30 22:21:44 INFO  ApacheHttpClient.sendEvent(535) - responseCode = 200
2021-07-30 22:21:44 INFO  ApacheHttpClient.sendEvent(535) - responseCode = 200
2021-07-30 22:21:44 INFO  ApacheHttpClient.sendEvent(535) - responseCode = 200
2021-07-30 22:21:44 INFO  ApacheHttpClient.sendEvent(535) - responseCode = 200
2021-07-30 22:21:44 INFO  ApacheHttpClient.sendEvent(535) - responseCode = 200
2021-07-30 22:21:45 INFO  ApacheHttpClient.sendEvent(535) - responseCode = 200
2021-07-30 22:21:45 INFO  ApacheHttpClient.sendEvent(535) - responseCode = 200
2021-07-30 22:21:45 INFO  ApacheHttpClient.sendEvent(535) - responseCode = 200
2021-07-30 22:21:45 INFO  ApacheHttpClient.sendEvent(535) - responseCode = 200
2021-07-30 22:21:45 INFO  ApacheHttpClient.sendEvent(535) - responseCode = 200
2021-07-30 22:21:45 INFO  ApacheHttpClient.sendEvent(535) - responseCode = 200
2021-07-30 22:21:45 INFO  ApacheHttpClient.sendEvent(535) - responseCode = 200
2021-07-30 22:21:52 INFO  ApacheHttpClient.sendEvent(535) - responseCode = 200
2021-07-30 22:22:52 INFO  ApacheHttpClient.sendEvent(535) - responseCode = 200
2021-07-30 22:23:52 INFO  ApacheHttpClient.sendEvent(535) - responseCode = 200
2021-07-30 22:24:52 INFO  ApacheHttpClient.sendEvent(535) - responseCode = 200
2021-07-30 22:25:52 INFO  ApacheHttpClient.sendEvent(535) - responseCode = 200
2021-07-30 22:26:52 INFO  ApacheHttpClient.sendEvent(535) - responseCode = 200
2021-07-30 22:27:52 INFO  ApacheHttpClient.sendEvent(535) - responseCode = 200
2021-07-30 22:28:52 INFO  ApacheHttpClient.sendEvent(535) - responseCode = 200
2021-07-30 22:29:52 INFO  ApacheHttpClient.sendEvent(535) - responseCode = 200
2021-07-30 22:30:52 INFO  ApacheHttpClient.sendEvent(535) - responseCode = 200
2021-07-30 22:31:52 INFO  ApacheHttpClient.sendEvent(535) - responseCode = 200
2021-07-30 22:32:52 INFO  ApacheHttpClient.sendEvent(535) - responseCode = 200
2021-07-30 22:33:52 INFO  ApacheHttpClient.sendEvent(535) - responseCode = 200
2021-07-30 22:34:52 INFO  ApacheHttpClient.sendEvent(535) - responseCode = 200
2021-07-30 22:35:52 INFO  ApacheHttpClient.sendEvent(535) - responseCode = 200
2021-07-30 22:36:52 INFO  ApacheHttpClient.sendEvent(535) - responseCode = 200
2021-07-30 22:37:52 INFO  ApacheHttpClient.sendEvent(535) - responseCode = 200
2021-07-30 22:38:52 INFO  ApacheHttpClient.sendEvent(535) - responseCode = 200
2021-07-30 22:39:41 INFO  ApacheHttpClient.getWebResourceAsStream(502) - responseCode = 200
2021-07-30 22:39:41 INFO  ApacheHttpClient.getTask(488) - responseCode = 200
2021-07-30 22:39:42 INFO  ApacheHttpClient.getWebResourceAsStream(502) - responseCode = 200
2021-07-30 22:39:45 INFO  ApacheHttpClient.completed(32) - responseCode = 200
2021-07-30 22:39:45 INFO  ApacheHttpClient.getTask(488) - responseCode = 200
2021-07-30 22:39:52 INFO  ApacheHttpClient.sendEvent(535) - responseCode = 200
2021-07-30 22:39:58 INFO  ApacheHttpClient.getWebResourceAsStream(502) - responseCode = 200
2021-07-30 22:40:52 INFO  ApacheHttpClient.sendEvent(535) - responseCode = 200
2021-07-30 22:41:24 INFO  ApacheHttpClient.getWebResourceAsStream(502) - responseCode = 200
2021-07-30 22:41:24 INFO  ApacheHttpClient.getWebResourceAsStream(502) - responseCode = 200
2021-07-30 22:41:24 INFO  ApacheHttpClient.getTask(488) - responseCode = 200
2021-07-30 22:41:26 INFO  ApacheHttpClient.completed(32) - responseCode = 200
2021-07-30 22:41:26 INFO  ApacheHttpClient.getTask(488) - responseCode = 200
2021-07-30 22:41:52 INFO  ApacheHttpClient.sendEvent(535) - responseCode = 200
2021-07-30 22:42:52 INFO  ApacheHttpClient.sendEvent(535) - responseCode = 200
